-------------------------------------------------------------------------------
Test set: bingtest.GoogeTest
-------------------------------------------------------------------------------
Tests run: 1, Failures: 1, Errors: 0, Skipped: 0, Time elapsed: 120.659 sec <<< FAILURE!
bingtest.GoogeTest.testGoogle()  Time elapsed: 120.651 sec  <<< FAILURE!
java.lang.ArithmeticException: / by zero
	at bingtest.GoogeTest.testGoogle(GoogeTest.java:30)

