<?xml version="1.0" encoding="UTF-8"?>
<testng-results skipped="0" failed="0" ignored="0" total="1" passed="1">
  <reporter-output>
  </reporter-output>
  <suite name="Default suite" duration-ms="59583" started-at="2022-02-15T05:33:18Z" finished-at="2022-02-15T05:34:18Z">
    <groups>
    </groups>
    <test name="Default test" duration-ms="59583" started-at="2022-02-15T05:33:18Z" finished-at="2022-02-15T05:34:18Z">
      <class name="bingtest.GoogeTest">
        <test-method status="PASS" signature="testGoogle()[pri:0, instance:bingtest.GoogeTest@2038ae61]" name="testGoogle" duration-ms="59295" started-at="2022-02-15T11:03:18Z" finished-at="2022-02-15T11:04:18Z">
          <reporter-output>
          </reporter-output>
        </test-method> <!-- testGoogle -->
      </class> <!-- bingtest.GoogeTest -->
    </test> <!-- Default test -->
  </suite> <!-- Default suite -->
</testng-results>
