<?xml version="1.0" encoding="UTF-8"?>
<testng-results skipped="0" failed="0" ignored="0" total="1" passed="1">
  <reporter-output>
  </reporter-output>
  <suite name="Default suite" duration-ms="119147" started-at="2022-02-15T04:26:46Z" finished-at="2022-02-15T04:28:45Z">
    <groups>
    </groups>
    <test name="Default test" duration-ms="119147" started-at="2022-02-15T04:26:46Z" finished-at="2022-02-15T04:28:45Z">
      <class name="googletest.GoogeTest">
        <test-method status="PASS" signature="testGoogle()[pri:0, instance:googletest.GoogeTest@2038ae61]" name="testGoogle" duration-ms="118936" started-at="2022-02-15T09:56:46Z" finished-at="2022-02-15T09:58:45Z">
          <reporter-output>
          </reporter-output>
        </test-method> <!-- testGoogle -->
      </class> <!-- googletest.GoogeTest -->
    </test> <!-- Default test -->
  </suite> <!-- Default suite -->
</testng-results>
